<?xml version="1.0" encoding="UTF-8"?>
<!-- Generated by org.testng.reporters.JUnitReportReporter -->
<testsuite hostname="DESKTOP-IGENIBJ" failures="0" tests="1" name="BasePackage.BaseClass" time="20.266" errors="0" timestamp="2023-06-22T12:07:22 IST" skipped="0">
  <testcase classname="BasePackage.BaseClass" name="testCase" time="20.266"/>
</testsuite> <!-- BasePackage.BaseClass -->
