<?xml version="1.0" encoding="UTF-8"?>
<!-- Generated by org.testng.reporters.JUnitReportReporter -->
<testsuite hostname="DESKTOP-IGENIBJ" failures="0" tests="1" name="BasePackage.WebDriverPackage" time="115.552" errors="0" timestamp="2023-06-22T11:58:07 IST" skipped="0">
  <testcase classname="BasePackage.WebDriverPackage" name="testCase" time="115.552"/>
</testsuite> <!-- BasePackage.WebDriverPackage -->
