<?xml version="1.0" encoding="UTF-8"?>
<!-- Generated by org.testng.reporters.JUnitReportReporter -->
<testsuite hostname="DESKTOP-IGENIBJ" failures="0" tests="2" name="TestingClassPackage.TestingVerifyLogin" time="9.672" errors="0" timestamp="2023-06-23T21:22:45 IST" skipped="0">
  <testcase classname="TestingClassPackage.TestingVerifyLogin" name="VerifyLogin" time="9.654"/>
  <testcase classname="TestingClassPackage.TestingVerifyLogin" name="verifySignOut" time="0.018"/>
</testsuite> <!-- TestingClassPackage.TestingVerifyLogin -->
