<?xml version="1.0" encoding="UTF-8"?>
<!-- Generated by org.testng.reporters.JUnitReportReporter -->
<testsuite hostname="DESKTOP-IGENIBJ" failures="0" tests="1" name="TestingClassPackage.TestingVerifyUserRegistrationAndLogin" time="12.852" errors="0" timestamp="2023-06-23T20:59:11 IST" skipped="0">
  <testcase classname="TestingClassPackage.TestingVerifyUserRegistrationAndLogin" name="VerifyUserRegistrationAndLogin" time="12.852"/>
</testsuite> <!-- TestingClassPackage.TestingVerifyUserRegistrationAndLogin -->
