<?xml version="1.0" encoding="UTF-8"?>
<!-- Generated by org.testng.reporters.JUnitReportReporter -->
<testsuite hostname="DESKTOP-IGENIBJ" failures="0" tests="1" name="TestingClassPackage.TestingClass" time="12.700" errors="0" timestamp="2023-06-22T17:23:00 IST" skipped="0">
  <testcase classname="TestingClassPackage.TestingClass" name="VerifyUserRegistrationAndLogin" time="12.700"/>
</testsuite> <!-- TestingClassPackage.TestingClass -->
