<?xml version="1.0" encoding="UTF-8"?>
<!-- Generated by org.testng.reporters.JUnitReportReporter -->
<testsuite hostname="DESKTOP-IGENIBJ" failures="0" tests="2" name="TestingClassPackage.TestingVerifyLogin" time="5.461" errors="0" timestamp="2023-06-29T17:51:04 IST" skipped="0">
  <testcase classname="TestingClassPackage.TestingVerifyLogin" name="VerifyLogin" time="5.432"/>
  <system-out/>
  <testcase classname="TestingClassPackage.TestingVerifyLogin" name="verifySignOut" time="0.029"/>
  <system-out/>
</testsuite> <!-- TestingClassPackage.TestingVerifyLogin -->
